<?xml version="1.0" encoding="UTF-8"?>
<testng-results ignored="0" total="1" passed="1" failed="0" skipped="0">
  <reporter-output>
  </reporter-output>
  <suite started-at="2025-08-05T19:21:40 IST" name="Default suite" finished-at="2025-08-05T19:22:01 IST" duration-ms="21013">
    <groups>
    </groups>
    <test started-at="2025-08-05T19:21:40 IST" name="Default test" finished-at="2025-08-05T19:22:01 IST" duration-ms="21013">
      <class name="ShoppingKartCode.Test.ZaraCoatTest">
        <test-method is-config="true" signature="browserInitialization()[pri:0, instance:ShoppingKartCode.Test.ZaraCoatTest@1349883]" started-at="2025-08-05T19:21:40 IST" name="browserInitialization" finished-at="2025-08-05T19:21:47 IST" duration-ms="6953" status="PASS">
          <reporter-output>
          </reporter-output>
        </test-method> <!-- browserInitialization -->
        <test-method signature="AutomatedTestRun()[pri:0, instance:ShoppingKartCode.Test.ZaraCoatTest@1349883]" started-at="2025-08-05T19:21:47 IST" name="AutomatedTestRun" finished-at="2025-08-05T19:22:01 IST" duration-ms="13931" status="PASS">
          <reporter-output>
          </reporter-output>
        </test-method> <!-- AutomatedTestRun -->
      </class> <!-- ShoppingKartCode.Test.ZaraCoatTest -->
    </test> <!-- Default test -->
  </suite> <!-- Default suite -->
</testng-results>
