<?xml version="1.0" encoding="UTF-8"?>
<testng-results ignored="1" total="4" passed="3" failed="0" skipped="0">
  <reporter-output>
  </reporter-output>
  <suite started-at="2025-03-19T22:23:04 IST" name="Allianz" finished-at="2025-03-19T22:23:04 IST" duration-ms="176">
    <groups>
    </groups>
    <test started-at="2025-03-19T22:23:04 IST" name="Insurance" finished-at="2025-03-19T22:23:04 IST" duration-ms="55">
      <class name="com.testNG.basics.FirstExercise">
        <test-method signature="demo(java.lang.String)[pri:0, instance:com.testNG.basics.FirstExercise@d9345cd]" started-at="2025-03-19T22:23:04 IST" name="demo" finished-at="2025-03-19T22:23:04 IST" duration-ms="8" status="PASS">
          <params>
            <param index="0">
              <value>
                <![CDATA[qa.com]]>
              </value>
            </param>
          </params>
          <reporter-output>
          </reporter-output>
        </test-method> <!-- demo -->
      </class> <!-- com.testNG.basics.FirstExercise -->
      <class name="com.testNG.basics.FourthExercise">
        <test-method is-config="true" signature="BT()[pri:0, instance:com.testNG.basics.FourthExercise@63376bed]" started-at="2025-03-19T22:23:04 IST" name="BT" finished-at="2025-03-19T22:23:04 IST" duration-ms="0" status="PASS">
          <reporter-output>
          </reporter-output>
        </test-method> <!-- BT -->
      </class> <!-- com.testNG.basics.FourthExercise -->
      <class name="com.testNG.basics.SecondExercise">
        <test-method signature="demo2()[pri:0, instance:com.testNG.basics.SecondExercise@272113c4]" started-at="2025-03-19T22:23:04 IST" name="demo2" finished-at="2025-03-19T22:23:04 IST" duration-ms="1" status="PASS">
          <reporter-output>
          </reporter-output>
        </test-method> <!-- demo2 -->
      </class> <!-- com.testNG.basics.SecondExercise -->
    </test> <!-- Insurance -->
    <test started-at="2025-03-19T22:23:04 IST" name="Automation" finished-at="2025-03-19T22:23:04 IST" duration-ms="4">
      <class name="com.testNG.basics.FourthExercise">
        <test-method is-config="true" signature="ST()[pri:0, instance:com.testNG.basics.FourthExercise@63376bed]" started-at="2025-03-19T22:23:04 IST" name="ST" finished-at="2025-03-19T22:23:04 IST" duration-ms="19" status="PASS">
          <reporter-output>
          </reporter-output>
        </test-method> <!-- ST -->
        <test-method is-config="true" signature="AS()[pri:0, instance:com.testNG.basics.FourthExercise@63376bed]" started-at="2025-03-19T22:23:04 IST" name="AS" finished-at="2025-03-19T22:23:04 IST" duration-ms="1" status="PASS">
          <reporter-output>
          </reporter-output>
        </test-method> <!-- AS -->
      </class> <!-- com.testNG.basics.FourthExercise -->
      <class name="com.testNG.basics.ThirdExercise">
        <test-method signature="pixel1()[pri:0, instance:com.testNG.basics.ThirdExercise@15043a2f]" started-at="2025-03-19T22:23:04 IST" name="pixel1" finished-at="2025-03-19T22:23:04 IST" duration-ms="1" status="PASS">
          <reporter-output>
          </reporter-output>
        </test-method> <!-- pixel1 -->
      </class> <!-- com.testNG.basics.ThirdExercise -->
    </test> <!-- Automation -->
  </suite> <!-- Allianz -->
</testng-results>
