<?xml version="1.0" encoding="UTF-8"?>
<!-- Generated by org.testng.reporters.JUnitXMLReporter -->
<testsuite ignored="1" hostname="CDC2-L-210BN6H" failures="0" tests="1" name="Automation" time="0.004" errors="0" timestamp="2025-03-19T22:23:04 IST">
  <testcase classname="com.testNG.basics.ThirdExercise" name="pixel1" time="0.001"/>
  <testcase classname="com.testNG.basics.ThirdExercise" name="pixel2" time="0.0">
    <ignored/>
  </testcase> <!-- pixel2 -->
</testsuite> <!-- Automation -->
